2025-05-13 08:48:20.200 [info] Extension host with pid 64719 started
2025-05-13 08:48:20.200 [info] Skipping acquiring lock for /home/jessey/Downloads/App/RichzSpot-Mobile-New/~/.vscode-root/User/workspaceStorage/93a93ebb47a2ecef00f6e83e88df3356.
2025-05-13 08:48:20.226 [info] ExtensionService#_doActivateExtension vscode.github-authentication, startup: false, activationEvent: 'onAuthenticationRequest:github'
2025-05-13 08:48:20.281 [info] ExtensionService#_doActivateExtension vscode.git-base, startup: true, activationEvent: '*'
2025-05-13 08:48:20.286 [info] ExtensionService#_doActivateExtension vscode.github, startup: true, activationEvent: '*'
2025-05-13 08:48:20.325 [info] Eager extensions activated
2025-05-13 08:48:20.329 [info] ExtensionService#_doActivateExtension vscode.debug-auto-launch, startup: false, activationEvent: 'onStartupFinished'
2025-05-13 08:48:20.332 [info] ExtensionService#_doActivateExtension vscode.merge-conflict, startup: false, activationEvent: 'onStartupFinished'
2025-05-13 08:48:22.060 [info] ExtensionService#_doActivateExtension vscode.git, startup: false, activationEvent: 'api', root cause: vscode.github
2025-05-13 08:48:22.121 [info] ExtensionService#_doActivateExtension HookyQR.beautify, startup: false, activationEvent: '*'
2025-05-13 08:48:27.459 [info] ExtensionService#_doActivateExtension vscode.emmet, startup: false, activationEvent: 'onLanguage'
2025-05-13 08:48:56.232 [info] ExtensionService#_doActivateExtension RichardLuo.frosted-glass-theme, startup: false, activationEvent: 'onStartupFinished'
2025-05-13 08:49:03.413 [info] ExtensionService#_doActivateExtension vscode.configuration-editing, startup: false, activationEvent: 'onLanguage:jsonc'
2025-05-13 08:49:03.419 [info] ExtensionService#_doActivateExtension vscode.json-language-features, startup: false, activationEvent: 'onLanguage:jsonc'
2025-05-13 08:49:03.461 [info] ExtensionService#_doActivateExtension vscode.typescript-language-features, startup: false, activationEvent: 'onLanguage:jsonc'
2025-05-13 08:49:07.302 [error] Error: ENOENT: no such file or directory, open '/root/.vscode/extensions/richardluo.frosted-glass-theme-0.8.21/config/config.json'
	at Object.writeFileSync (node:fs:2389:20)
	at editor.apply (/root/.vscode/extensions/richardluo.frosted-glass-theme-0.8.21/out/extension.js:15:3652)
	at a (/root/.vscode/extensions/richardluo.frosted-glass-theme-0.8.21/out/extension.js:15:4481)
	at /root/.vscode/extensions/richardluo.frosted-glass-theme-0.8.21/out/extension.js:15:5432
	at async Wb.h (file:///usr/share/code/resources/app/out/vs/workbench/api/node/extensionHostProcess.js:119:41516)
	at async /root/.vscode/extensions/richardluo.frosted-glass-theme-0.8.21/out/extension.js:15:4610
	at async Wb.h (file:///usr/share/code/resources/app/out/vs/workbench/api/node/extensionHostProcess.js:119:41516) frosted-glass-theme.setup {"value":"RichardLuo.frosted-glass-theme","_lower":"richardluo.frosted-glass-theme"}
2025-05-13 08:49:21.308 [error] Error: ENOENT: no such file or directory, open '/root/.vscode/extensions/richardluo.frosted-glass-theme-0.8.21/config/config.json'
	at Object.writeFileSync (node:fs:2389:20)
	at editor.apply (/root/.vscode/extensions/richardluo.frosted-glass-theme-0.8.21/out/extension.js:15:3652)
	at a (/root/.vscode/extensions/richardluo.frosted-glass-theme-0.8.21/out/extension.js:15:4481)
	at /root/.vscode/extensions/richardluo.frosted-glass-theme-0.8.21/out/extension.js:15:5432
	at async Wb.h (file:///usr/share/code/resources/app/out/vs/workbench/api/node/extensionHostProcess.js:119:41516)
	at async /root/.vscode/extensions/richardluo.frosted-glass-theme-0.8.21/out/extension.js:15:4610
	at async Wb.h (file:///usr/share/code/resources/app/out/vs/workbench/api/node/extensionHostProcess.js:119:41516) frosted-glass-theme.setup {"value":"RichardLuo.frosted-glass-theme","_lower":"richardluo.frosted-glass-theme"}
2025-05-13 08:49:30.826 [info] ExtensionService#_doActivateExtension KrautGTI.glass-theme-doyle, startup: false, activationEvent: '*'
2025-05-13 08:49:33.951 [error] Error: unsupported
	at Install (/root/.vscode/extensions/krautgti.glass-theme-doyle-2.10.0/extension/index.js:483:13)
	at Update (/root/.vscode/extensions/krautgti.glass-theme-doyle-2.10.0/extension/index.js:542:11)
	at async /root/.vscode/extensions/krautgti.glass-theme-doyle-2.10.0/extension/index.js:577:11
2025-05-13 08:50:59.864 [info] Extension host terminating: renderer closed the MessagePort
2025-05-13 08:50:59.882 [info] Extension host with pid 64719 exiting with code 0
